
Showing logs for build [32mmeta-nuxeo-jxlabs-nos-helmboot-h4c6z-2[0m stage [32mmeta-pipeline[0m and container [32mstep-credential-initializer-bfh4c[0m
{"level":"info","ts":1591213639.6089,"logger":"fallback-logger","caller":"logging/config.go:69","msg":"Fetch GitHub commit ID from kodata failed: open /var/run/ko/refs/heads/0.8.0-ns-support: no such file or directory"}
{"level":"info","ts":1591213639.6115675,"logger":"fallback-logger","caller":"creds-init/main.go:40","msg":"Credentials initialized."}

Showing logs for build [32mmeta-nuxeo-jxlabs-nos-helmboot-h4c6z-2[0m stage [32mmeta-pipeline[0m and container [32mstep-working-dir-initializer-nbzvp[0m
{"level":"info","ts":1591213640.5486102,"logger":"fallback-logger","caller":"logging/config.go:69","msg":"Fetch GitHub commit ID from kodata failed: open /var/run/ko/HEAD: no such file or directory"}
{"level":"info","ts":1591213640.5497367,"logger":"fallback-logger","caller":"bash/main.go:64","msg":"Successfully executed command \"sh -c mkdir -p /workspace/source\"; output "}

Showing logs for build [32mmeta-nuxeo-jxlabs-nos-helmboot-h4c6z-2[0m stage [32mmeta-pipeline[0m and container [32mstep-place-tools[0m

Showing logs for build [32mmeta-nuxeo-jxlabs-nos-helmboot-h4c6z-2[0m stage [32mmeta-pipeline[0m and container [32mstep-git-source-meta-nuxeo-jxlabs-nos-helmboot-h4c6z-n2xcc[0m
{"level":"info","ts":1591213645.7389114,"logger":"fallback-logger","caller":"logging/config.go:69","msg":"Fetch GitHub commit ID from kodata failed: open /var/run/ko/refs/heads/0.8.0-ns-support: no such file or directory"}
{"level":"info","ts":1591213646.1107125,"logger":"fallback-logger","caller":"git/git.go:103","msg":"Successfully cloned https://github.com/nuxeo/**labs-nos-helmboot.git @ 587d31b1d75cb325b14fbe30f399a913c03903bd in path /workspace/source"}

Showing logs for build [32mmeta-nuxeo-jxlabs-nos-helmboot-h4c6z-2[0m stage [32mmeta-pipeline[0m and container [32mstep-git-merge[0m
Using SHAs from PULL_REFS=master:587d31b1d75cb325b14fbe30f399a913c03903bd
WARNING: no SHAs to merge, falling back to initial cloned commit

Showing logs for build [32mmeta-nuxeo-jxlabs-nos-helmboot-h4c6z-2[0m stage [32mmeta-pipeline[0m and container [32mstep-merge-pull-refs[0m
SKIP merge-pull-refs: Nothing to merge

Showing logs for build [32mmeta-nuxeo-jxlabs-nos-helmboot-h4c6z-2[0m stage [32mmeta-pipeline[0m and container [32mstep-create-effective-pipeline[0m
Effective pipeline written to jenkins-x-release-effective.yml

Showing logs for build [32mmeta-nuxeo-jxlabs-nos-helmboot-h4c6z-2[0m stage [32mmeta-pipeline[0m and container [32mstep-create-tekton-crds[0m
running command: echo \$(**-release-version) > VERSION

running command: ** step tag --version \$(cat VERSION)
error: Have you set up a git credential helper? See https://help.github.com/articles/caching-your-github-password-in-git/
: git output: To https://github.com/nuxeo/**labs-nos-helmboot.git
 ! [remote rejected] v0.0.98 -> v0.0.98 (cannot lock ref 'refs/tags/v0.0.98': reference already exists)
error: failed to push some refs to 'https://github.com/nuxeo/**labs-nos-helmboot.git': failed to run 'git push origin v0.0.98' command in directory '', output: 'To https://github.com/nuxeo/**labs-nos-helmboot.git
 ! [remote rejected] v0.0.98 -> v0.0.98 (cannot lock ref 'refs/tags/v0.0.98': reference already exists)
error: failed to push some refs to 'https://github.com/nuxeo/**labs-nos-helmboot.git''
error: failed to set the version on release pipelines: failed to run '/bin/sh -c ** step tag --version $(cat VERSION)' command in directory '/workspace/source', output: ''
[31m
Pipeline failed on stage 'meta-pipeline' : container 'step-create-tekton-crds'. The execution of the pipeline has stopped.[0m
