
Showing logs for build [32mnxmatic-jxlabs-nos-helmboot-mas-c6p2n-3[0m stage [32mfrom-build-pack[0m and container [32mstep-credential-initializer-scfcv[0m
{"level":"warn","ts":1586781981.0362713,"logger":"fallback-logger","caller":"logging/config.go:69","msg":"Fetch GitHub commit ID from kodata failed: \"ref: refs/heads/0.8.0-**-support-backwards-incompats\" is not a valid GitHub commit ID"}
{"level":"info","ts":1586781981.03917,"logger":"fallback-logger","caller":"creds-init/main.go:40","msg":"Credentials initialized."}

Showing logs for build [32mnxmatic-jxlabs-nos-helmboot-mas-c6p2n-3[0m stage [32mfrom-build-pack[0m and container [32mstep-working-dir-initializer-mzvxl[0m
{"level":"warn","ts":1586781981.8766346,"logger":"fallback-logger","caller":"logging/config.go:69","msg":"Fetch GitHub commit ID from kodata failed: open /var/run/ko/HEAD: no such file or directory"}
{"level":"info","ts":1586781981.877732,"logger":"fallback-logger","caller":"bash/main.go:64","msg":"Successfully executed command \"sh -c mkdir -p /workspace/source\"; output "}

Showing logs for build [32mnxmatic-jxlabs-nos-helmboot-mas-c6p2n-3[0m stage [32mfrom-build-pack[0m and container [32mstep-place-tools[0m

Showing logs for build [32mnxmatic-jxlabs-nos-helmboot-mas-c6p2n-3[0m stage [32mfrom-build-pack[0m and container [32mstep-git-source-nxmatic-jxlabs-nos-helmboot-mas-c6p2n-5hlqh[0m
{"level":"warn","ts":1586781987.9173224,"logger":"fallback-logger","caller":"logging/config.go:69","msg":"Fetch GitHub commit ID from kodata failed: \"ref: refs/heads/0.8.0-**-support-backwards-incompats\" is not a valid GitHub commit ID"}
{"level":"info","ts":1586781988.2909734,"logger":"fallback-logger","caller":"git/git.go:103","msg":"Successfully cloned https://github.com/*******/**labs-nos-helmboot.git @ v0.0.93 in path /workspace/source"}

Showing logs for build [32mnxmatic-jxlabs-nos-helmboot-mas-c6p2n-3[0m stage [32mfrom-build-pack[0m and container [32mstep-git-merge[0m
Using SHAs from PULL_REFS=master:116d29053d43bde91bf5a59971ce494fedffa7ac
WARNING: no SHAs to merge, falling back to initial cloned commit

Showing logs for build [32mnxmatic-jxlabs-nos-helmboot-mas-c6p2n-3[0m stage [32mfrom-build-pack[0m and container [32mstep-setup-jx-git-credentials[0m
Cloning the Jenkins X versions repo https://github.com/*******/**labs-nos-versions.git with ref refs/heads/master to /builder/home/.**/jenkins-x-versions
Generated Git credentials file /workspace/xdg_config/git/credentials

Showing logs for build [32mnxmatic-jxlabs-nos-helmboot-mas-c6p2n-3[0m stage [32mfrom-build-pack[0m and container [32mstep-build-make-build[0m
make: Nothing to be done for `release'.

Showing logs for build [32mnxmatic-jxlabs-nos-helmboot-mas-c6p2n-3[0m stage [32mfrom-build-pack[0m and container [32mstep-build-container-build[0m
[36mINFO[0m[0000] Downloading base image centos:7              
ERROR: logging before flag.Parse: E0413 12:46:33.686902      11 metadata.go:142] while reading 'google-dockercfg' metadata: http status code: 404 while fetching url http://metadata.google.internal./computeMetadata/v1/instance/attributes/google-dockercfg
ERROR: logging before flag.Parse: E0413 12:46:33.691131      11 metadata.go:159] while reading 'google-dockercfg-url' metadata: http status code: 404 while fetching url http://metadata.google.internal./computeMetadata/v1/instance/attributes/google-dockercfg-url
2020/04/13 12:46:33 No matching credentials were found, falling back on anonymous
[36mINFO[0m[0000] Error while retrieving image from cache: getting file info: stat /workspace/sha256:285bc3161133ec01d8ca8680cd746eecbfdbc1faa6313bd863151c4b26d7e5a5: no such file or directory 
[36mINFO[0m[0000] Downloading base image centos:7              
2020/04/13 12:46:34 No matching credentials were found, falling back on anonymous
[36mINFO[0m[0000] Checking for cached layer gcr.io/build-**-prod/cache:efa6bd7e55fda7715cba3b69829f0bb74d8f61a664d201a2b7182cf2d8da44f5... 
[36mINFO[0m[0001] No cached layer found for cmd RUN yum install -y git 
[36mINFO[0m[0001] Unpacking rootfs as cmd RUN yum install -y git requires it. 
[36mINFO[0m[0005] Taking snapshot of full filesystem...        
[36mINFO[0m[0007] RUN yum install -y git                       
[36mINFO[0m[0007] cmd: /bin/sh                                 
[36mINFO[0m[0007] args: [-c yum install -y git]                
Loaded plugins: fastestmirror, ovl
Determining fastest mirrors
 * base: mirror.vtti.vt.edu
 * extras: mirror.vtti.vt.edu
 * updates: mirror.vtti.vt.edu
Resolving Dependencies
--> Running transaction check
---> Package git.x86_64 0:1.8.3.1-21.el7_7 will be installed
--> Processing Dependency: perl-Git = 1.8.3.1-21.el7_7 for package: git-1.8.3.1-21.el7_7.x86_64
--> Processing Dependency: perl >= 5.008 for package: git-1.8.3.1-21.el7_7.x86_64
--> Processing Dependency: rsync for package: git-1.8.3.1-21.el7_7.x86_64
--> Processing Dependency: perl(warnings) for package: git-1.8.3.1-21.el7_7.x86_64
--> Processing Dependency: perl(vars) for package: git-1.8.3.1-21.el7_7.x86_64
--> Processing Dependency: perl(strict) for package: git-1.8.3.1-21.el7_7.x86_64
--> Processing Dependency: perl(lib) for package: git-1.8.3.1-21.el7_7.x86_64
--> Processing Dependency: perl(Term::ReadKey) for package: git-1.8.3.1-21.el7_7.x86_64
--> Processing Dependency: perl(Git) for package: git-1.8.3.1-21.el7_7.x86_64
--> Processing Dependency: perl(Getopt::Long) for package: git-1.8.3.1-21.el7_7.x86_64
--> Processing Dependency: perl(File::stat) for package: git-1.8.3.1-21.el7_7.x86_64
--> Processing Dependency: perl(File::Temp) for package: git-1.8.3.1-21.el7_7.x86_64
--> Processing Dependency: perl(File::Spec) for package: git-1.8.3.1-21.el7_7.x86_64
--> Processing Dependency: perl(File::Path) for package: git-1.8.3.1-21.el7_7.x86_64
--> Processing Dependency: perl(File::Find) for package: git-1.8.3.1-21.el7_7.x86_64
--> Processing Dependency: perl(File::Copy) for package: git-1.8.3.1-21.el7_7.x86_64
--> Processing Dependency: perl(File::Basename) for package: git-1.8.3.1-21.el7_7.x86_64
--> Processing Dependency: perl(Exporter) for package: git-1.8.3.1-21.el7_7.x86_64
--> Processing Dependency: perl(Error) for package: git-1.8.3.1-21.el7_7.x86_64
--> Processing Dependency: openssh-clients for package: git-1.8.3.1-21.el7_7.x86_64
--> Processing Dependency: less for package: git-1.8.3.1-21.el7_7.x86_64
--> Processing Dependency: /usr/bin/perl for package: git-1.8.3.1-21.el7_7.x86_64
--> Running transaction check
---> Package less.x86_64 0:458-9.el7 will be installed
--> Processing Dependency: groff-base for package: less-458-9.el7.x86_64
---> Package openssh-clients.x86_64 0:7.4p1-21.el7 will be installed
--> Processing Dependency: openssh = 7.4p1-21.el7 for package: openssh-clients-7.4p1-21.el7.x86_64
--> Processing Dependency: fipscheck-lib(x86-64) >= 1.3.0 for package: openssh-clients-7.4p1-21.el7.x86_64
--> Processing Dependency: libfipscheck.so.1()(64bit) for package: openssh-clients-7.4p1-21.el7.x86_64
--> Processing Dependency: libedit.so.0()(64bit) for package: openssh-clients-7.4p1-21.el7.x86_64
---> Package perl.x86_64 4:5.16.3-294.el7_6 will be installed
--> Processing Dependency: perl-libs = 4:5.16.3-294.el7_6 for package: 4:perl-5.16.3-294.el7_6.x86_64
--> Processing Dependency: perl(Socket) >= 1.3 for package: 4:perl-5.16.3-294.el7_6.x86_64
--> Processing Dependency: perl(Scalar::Util) >= 1.10 for package: 4:perl-5.16.3-294.el7_6.x86_64
--> Processing Dependency: perl-macros for package: 4:perl-5.16.3-294.el7_6.x86_64
--> Processing Dependency: perl-libs for package: 4:perl-5.16.3-294.el7_6.x86_64
--> Processing Dependency: perl(threads::shared) for package: 4:perl-5.16.3-294.el7_6.x86_64
--> Processing Dependency: perl(threads) for package: 4:perl-5.16.3-294.el7_6.x86_64
--> Processing Dependency: perl(constant) for package: 4:perl-5.16.3-294.el7_6.x86_64
--> Processing Dependency: perl(Time::Local) for package: 4:perl-5.16.3-294.el7_6.x86_64
--> Processing Dependency: perl(Time::HiRes) for package: 4:perl-5.16.3-294.el7_6.x86_64
--> Processing Dependency: perl(Storable) for package: 4:perl-5.16.3-294.el7_6.x86_64
--> Processing Dependency: perl(Socket) for package: 4:perl-5.16.3-294.el7_6.x86_64
--> Processing Dependency: perl(Scalar::Util) for package: 4:perl-5.16.3-294.el7_6.x86_64
--> Processing Dependency: perl(Pod::Simple::XHTML) for package: 4:perl-5.16.3-294.el7_6.x86_64
--> Processing Dependency: perl(Pod::Simple::Search) for package: 4:perl-5.16.3-294.el7_6.x86_64
--> Processing Dependency: perl(Filter::Util::Call) for package: 4:perl-5.16.3-294.el7_6.x86_64
--> Processing Dependency: perl(Carp) for package: 4:perl-5.16.3-294.el7_6.x86_64
--> Processing Dependency: libperl.so()(64bit) for package: 4:perl-5.16.3-294.el7_6.x86_64
---> Package perl-Error.noarch 1:0.17020-2.el7 will be installed
---> Package perl-Exporter.noarch 0:5.68-3.el7 will be installed
---> Package perl-File-Path.noarch 0:2.09-2.el7 will be installed
---> Package perl-File-Temp.noarch 0:0.23.01-3.el7 will be installed
---> Package perl-Getopt-Long.noarch 0:2.40-3.el7 will be installed
--> Processing Dependency: perl(Pod::Usage) >= 1.14 for package: perl-Getopt-Long-2.40-3.el7.noarch
--> Processing Dependency: perl(Text::ParseWords) for package: perl-Getopt-Long-2.40-3.el7.noarch
---> Package perl-Git.noarch 0:1.8.3.1-21.el7_7 will be installed
---> Package perl-PathTools.x86_64 0:3.40-5.el7 will be installed
---> Package perl-TermReadKey.x86_64 0:2.30-20.el7 will be installed
---> Package rsync.x86_64 0:3.1.2-6.el7_6.1 will be installed
--> Running transaction check
---> Package fipscheck-lib.x86_64 0:1.4.1-6.el7 will be installed
--> Processing Dependency: /usr/bin/fipscheck for package: fipscheck-lib-1.4.1-6.el7.x86_64
---> Package groff-base.x86_64 0:1.22.2-8.el7 will be installed
---> Package libedit.x86_64 0:3.0-12.20121213cvs.el7 will be installed
---> Package openssh.x86_64 0:7.4p1-21.el7 will be installed
---> Package perl-Carp.noarch 0:1.26-244.el7 will be installed
---> Package perl-Filter.x86_64 0:1.49-3.el7 will be installed
---> Package perl-Pod-Simple.noarch 1:3.28-4.el7 will be installed
--> Processing Dependency: perl(Pod::Escapes) >= 1.04 for package: 1:perl-Pod-Simple-3.28-4.el7.noarch
--> Processing Dependency: perl(Encode) for package: 1:perl-Pod-Simple-3.28-4.el7.noarch
---> Package perl-Pod-Usage.noarch 0:1.63-3.el7 will be installed
--> Processing Dependency: perl(Pod::Text) >= 3.15 for package: perl-Pod-Usage-1.63-3.el7.noarch
--> Processing Dependency: perl-Pod-Perldoc for package: perl-Pod-Usage-1.63-3.el7.noarch
---> Package perl-Scalar-List-Utils.x86_64 0:1.27-248.el7 will be installed
---> Package perl-Socket.x86_64 0:2.010-4.el7 will be installed
---> Package perl-Storable.x86_64 0:2.45-3.el7 will be installed
---> Package perl-Text-ParseWords.noarch 0:3.29-4.el7 will be installed
---> Package perl-Time-HiRes.x86_64 4:1.9725-3.el7 will be installed
---> Package perl-Time-Local.noarch 0:1.2300-2.el7 will be installed
---> Package perl-constant.noarch 0:1.27-2.el7 will be installed
---> Package perl-libs.x86_64 4:5.16.3-294.el7_6 will be installed
---> Package perl-macros.x86_64 4:5.16.3-294.el7_6 will be installed
---> Package perl-threads.x86_64 0:1.87-4.el7 will be installed
---> Package perl-threads-shared.x86_64 0:1.43-6.el7 will be installed
--> Running transaction check
---> Package fipscheck.x86_64 0:1.4.1-6.el7 will be installed
---> Package perl-Encode.x86_64 0:2.51-7.el7 will be installed
---> Package perl-Pod-Escapes.noarch 1:1.04-294.el7_6 will be installed
---> Package perl-Pod-Perldoc.noarch 0:3.20-4.el7 will be installed
--> Processing Dependency: perl(parent) for package: perl-Pod-Perldoc-3.20-4.el7.noarch
--> Processing Dependency: perl(HTTP::Tiny) for package: perl-Pod-Perldoc-3.20-4.el7.noarch
---> Package perl-podlators.noarch 0:2.5.1-3.el7 will be installed
--> Running transaction check
---> Package perl-HTTP-Tiny.noarch 0:0.033-3.el7 will be installed
---> Package perl-parent.noarch 1:0.225-244.el7 will be installed
--> Finished Dependency Resolution

Dependencies Resolved

================================================================================
 Package                   Arch      Version                   Repository  Size
================================================================================
Installing:
 git                       x86_64    1.8.3.1-21.el7_7          updates    4.4 M
Installing for dependencies:
 fipscheck                 x86_64    1.4.1-6.el7               base        21 k
 fipscheck-lib             x86_64    1.4.1-6.el7               base        11 k
 groff-base                x86_64    1.22.2-8.el7              base       942 k
 less                      x86_64    458-9.el7                 base       120 k
 libedit                   x86_64    3.0-12.20121213cvs.el7    base        92 k
 openssh                   x86_64    7.4p1-21.el7              base       510 k
 openssh-clients           x86_64    7.4p1-21.el7              base       655 k
 perl                      x86_64    4:5.16.3-294.el7_6        base       8.0 M
 perl-Carp                 noarch    1.26-244.el7              base        19 k
 perl-Encode               x86_64    2.51-7.el7                base       1.5 M
 perl-Error                noarch    1:0.17020-2.el7           base        32 k
 perl-Exporter             noarch    5.68-3.el7                base        28 k
 perl-File-Path            noarch    2.09-2.el7                base        26 k
 perl-File-Temp            noarch    0.23.01-3.el7             base        56 k
 perl-Filter               x86_64    1.49-3.el7                base        76 k
 perl-Getopt-Long          noarch    2.40-3.el7                base        56 k
 perl-Git                  noarch    1.8.3.1-21.el7_7          updates     55 k
 perl-HTTP-Tiny            noarch    0.033-3.el7               base        38 k
 perl-PathTools            x86_64    3.40-5.el7                base        82 k
 perl-Pod-Escapes          noarch    1:1.04-294.el7_6          base        51 k
 perl-Pod-Perldoc          noarch    3.20-4.el7                base        87 k
 perl-Pod-Simple           noarch    1:3.28-4.el7              base       216 k
 perl-Pod-Usage            noarch    1.63-3.el7                base        27 k
 perl-Scalar-List-Utils    x86_64    1.27-248.el7              base        36 k
 perl-Socket               x86_64    2.010-4.el7               base        49 k
 perl-Storable             x86_64    2.45-3.el7                base        77 k
 perl-TermReadKey          x86_64    2.30-20.el7               base        31 k
 perl-Text-ParseWords      noarch    3.29-4.el7                base        14 k
 perl-Time-HiRes           x86_64    4:1.9725-3.el7            base        45 k
 perl-Time-Local           noarch    1.2300-2.el7              base        24 k
 perl-constant             noarch    1.27-2.el7                base        19 k
 perl-libs                 x86_64    4:5.16.3-294.el7_6        base       688 k
 perl-macros               x86_64    4:5.16.3-294.el7_6        base        44 k
 perl-parent               noarch    1:0.225-244.el7           base        12 k
 perl-podlators            noarch    2.5.1-3.el7               base       112 k
 perl-threads              x86_64    1.87-4.el7                base        49 k
 perl-threads-shared       x86_64    1.43-6.el7                base        39 k
 rsync                     x86_64    3.1.2-6.el7_6.1           base       404 k

Transaction Summary
================================================================================
Install  1 Package (+38 Dependent packages)

Total download size: 19 M
Installed size: 68 M
Downloading packages:
warning: /var/cache/yum/x86_64/7/base/packages/fipscheck-lib-1.4.1-6.el7.x86_64.rpm: Header V3 RSA/SHA256 Signature, key ID f4a80eb5: NOKEY
Public key for fipscheck-lib-1.4.1-6.el7.x86_64.rpm is not installed
Public key for git-1.8.3.1-21.el7_7.x86_64.rpm is not installed
--------------------------------------------------------------------------------
Total                                               23 MB/s |  19 MB  00:00     
Retrieving key from file:///etc/pki/rpm-gpg/RPM-GPG-KEY-CentOS-7
Importing GPG key 0xF4A80EB5:
 Userid     : "CentOS-7 Key (CentOS 7 Official Signing Key) <security@centos.org>"
 Fingerprint: 6341 ab27 53d7 8a78 a7c2 7bb1 24c6 a8a7 f4a8 0eb5
 Package    : centos-release-7-7.1908.0.el7.centos.x86_64 (@CentOS)
 From       : /etc/pki/rpm-gpg/RPM-GPG-KEY-CentOS-7
Running transaction check
Running transaction test
Transaction test succeeded
Running transaction
  Installing : fipscheck-1.4.1-6.el7.x86_64                                1/39 
  Installing : fipscheck-lib-1.4.1-6.el7.x86_64                            2/39 
  Installing : groff-base-1.22.2-8.el7.x86_64                              3/39 
  Installing : 1:perl-parent-0.225-244.el7.noarch                          4/39 
  Installing : perl-HTTP-Tiny-0.033-3.el7.noarch                           5/39 
  Installing : perl-podlators-2.5.1-3.el7.noarch                           6/39 
  Installing : perl-Pod-Perldoc-3.20-4.el7.noarch                          7/39 
  Installing : 1:perl-Pod-Escapes-1.04-294.el7_6.noarch                    8/39 
  Installing : perl-Encode-2.51-7.el7.x86_64                               9/39 
  Installing : perl-Text-ParseWords-3.29-4.el7.noarch                     10/39 
  Installing : perl-Pod-Usage-1.63-3.el7.noarch                           11/39 
  Installing : 4:perl-libs-5.16.3-294.el7_6.x86_64                        12/39 
  Installing : 4:perl-macros-5.16.3-294.el7_6.x86_64                      13/39 
  Installing : 4:perl-Time-HiRes-1.9725-3.el7.x86_64                      14/39 
  Installing : perl-Exporter-5.68-3.el7.noarch                            15/39 
  Installing : perl-constant-1.27-2.el7.noarch                            16/39 
  Installing : perl-Time-Local-1.2300-2.el7.noarch                        17/39 
  Installing : perl-Socket-2.010-4.el7.x86_64                             18/39 
  Installing : perl-Carp-1.26-244.el7.noarch                              19/39 
  Installing : perl-Storable-2.45-3.el7.x86_64                            20/39 
  Installing : perl-PathTools-3.40-5.el7.x86_64                           21/39 
  Installing : perl-Scalar-List-Utils-1.27-248.el7.x86_64                 22/39 
  Installing : 1:perl-Pod-Simple-3.28-4.el7.noarch                        23/39 
  Installing : perl-File-Temp-0.23.01-3.el7.noarch                        24/39 
  Installing : perl-File-Path-2.09-2.el7.noarch                           25/39 
  Installing : perl-threads-shared-1.43-6.el7.x86_64                      26/39 
  Installing : perl-threads-1.87-4.el7.x86_64                             27/39 
  Installing : perl-Filter-1.49-3.el7.x86_64                              28/39 
  Installing : perl-Getopt-Long-2.40-3.el7.noarch                         29/39 
  Installing : 4:perl-5.16.3-294.el7_6.x86_64                             30/39 
  Installing : 1:perl-Error-0.17020-2.el7.noarch                          31/39 
  Installing : perl-TermReadKey-2.30-20.el7.x86_64                        32/39 
  Installing : less-458-9.el7.x86_64                                      33/39 
  Installing : openssh-7.4p1-21.el7.x86_64                                34/39 
  Installing : libedit-3.0-12.20121213cvs.el7.x86_64                      35/39 
  Installing : openssh-clients-7.4p1-21.el7.x86_64                        36/39 
  Installing : rsync-3.1.2-6.el7_6.1.x86_64                               37/39 
  Installing : perl-Git-1.8.3.1-21.el7_7.noarch                           38/39 
  Installing : git-1.8.3.1-21.el7_7.x86_64                                39/39 
  Verifying  : fipscheck-lib-1.4.1-6.el7.x86_64                            1/39 
  Verifying  : perl-HTTP-Tiny-0.033-3.el7.noarch                           2/39 
  Verifying  : perl-Git-1.8.3.1-21.el7_7.noarch                            3/39 
  Verifying  : 4:perl-Time-HiRes-1.9725-3.el7.x86_64                       4/39 
  Verifying  : 1:perl-Pod-Escapes-1.04-294.el7_6.noarch                    5/39 
  Verifying  : perl-Exporter-5.68-3.el7.noarch                             6/39 
  Verifying  : perl-constant-1.27-2.el7.noarch                             7/39 
  Verifying  : perl-PathTools-3.40-5.el7.x86_64                            8/39 
  Verifying  : rsync-3.1.2-6.el7_6.1.x86_64                                9/39 
  Verifying  : openssh-7.4p1-21.el7.x86_64                                10/39 
  Verifying  : 1:perl-parent-0.225-244.el7.noarch                         11/39 
  Verifying  : perl-TermReadKey-2.30-20.el7.x86_64                        12/39 
  Verifying  : fipscheck-1.4.1-6.el7.x86_64                               13/39 
  Verifying  : 4:perl-libs-5.16.3-294.el7_6.x86_64                        14/39 
  Verifying  : groff-base-1.22.2-8.el7.x86_64                             15/39 
  Verifying  : perl-File-Temp-0.23.01-3.el7.noarch                        16/39 
  Verifying  : 1:perl-Pod-Simple-3.28-4.el7.noarch                        17/39 
  Verifying  : perl-Time-Local-1.2300-2.el7.noarch                        18/39 
  Verifying  : 4:perl-macros-5.16.3-294.el7_6.x86_64                      19/39 
  Verifying  : perl-Socket-2.010-4.el7.x86_64                             20/39 
  Verifying  : perl-Carp-1.26-244.el7.noarch                              21/39 
  Verifying  : perl-threads-shared-1.43-6.el7.x86_64                      22/39 
  Verifying  : 1:perl-Error-0.17020-2.el7.noarch                          23/39 
  Verifying  : openssh-clients-7.4p1-21.el7.x86_64                        24/39 
  Verifying  : perl-Storable-2.45-3.el7.x86_64                            25/39 
  Verifying  : perl-Scalar-List-Utils-1.27-248.el7.x86_64                 26/39 
  Verifying  : perl-Pod-Usage-1.63-3.el7.noarch                           27/39 
  Verifying  : perl-Encode-2.51-7.el7.x86_64                              28/39 
  Verifying  : perl-Pod-Perldoc-3.20-4.el7.noarch                         29/39 
  Verifying  : perl-podlators-2.5.1-3.el7.noarch                          30/39 
  Verifying  : perl-File-Path-2.09-2.el7.noarch                           31/39 
  Verifying  : libedit-3.0-12.20121213cvs.el7.x86_64                      32/39 
  Verifying  : perl-threads-1.87-4.el7.x86_64                             33/39 
  Verifying  : git-1.8.3.1-21.el7_7.x86_64                                34/39 
  Verifying  : perl-Filter-1.49-3.el7.x86_64                              35/39 
  Verifying  : perl-Getopt-Long-2.40-3.el7.noarch                         36/39 
  Verifying  : perl-Text-ParseWords-3.29-4.el7.noarch                     37/39 
  Verifying  : 4:perl-5.16.3-294.el7_6.x86_64                             38/39 
  Verifying  : less-458-9.el7.x86_64                                      39/39 

Installed:
  git.x86_64 0:1.8.3.1-21.el7_7                                                 

Dependency Installed:
  fipscheck.x86_64 0:1.4.1-6.el7                                                
  fipscheck-lib.x86_64 0:1.4.1-6.el7                                            
  groff-base.x86_64 0:1.22.2-8.el7                                              
  less.x86_64 0:458-9.el7                                                       
  libedit.x86_64 0:3.0-12.20121213cvs.el7                                       
  openssh.x86_64 0:7.4p1-21.el7                                                 
  openssh-clients.x86_64 0:7.4p1-21.el7                                         
  perl.x86_64 4:5.16.3-294.el7_6                                                
  perl-Carp.noarch 0:1.26-244.el7                                               
  perl-Encode.x86_64 0:2.51-7.el7                                               
  perl-Error.noarch 1:0.17020-2.el7                                             
  perl-Exporter.noarch 0:5.68-3.el7                                             
  perl-File-Path.noarch 0:2.09-2.el7                                            
  perl-File-Temp.noarch 0:0.23.01-3.el7                                         
  perl-Filter.x86_64 0:1.49-3.el7                                               
  perl-Getopt-Long.noarch 0:2.40-3.el7                                          
  perl-Git.noarch 0:1.8.3.1-21.el7_7                                            
  perl-HTTP-Tiny.noarch 0:0.033-3.el7                                           
  perl-PathTools.x86_64 0:3.40-5.el7                                            
  perl-Pod-Escapes.noarch 1:1.04-294.el7_6                                      
  perl-Pod-Perldoc.noarch 0:3.20-4.el7                                          
  perl-Pod-Simple.noarch 1:3.28-4.el7                                           
  perl-Pod-Usage.noarch 0:1.63-3.el7                                            
  perl-Scalar-List-Utils.x86_64 0:1.27-248.el7                                  
  perl-Socket.x86_64 0:2.010-4.el7                                              
  perl-Storable.x86_64 0:2.45-3.el7                                             
  perl-TermReadKey.x86_64 0:2.30-20.el7                                         
  perl-Text-ParseWords.noarch 0:3.29-4.el7                                      
  perl-Time-HiRes.x86_64 4:1.9725-3.el7                                         
  perl-Time-Local.noarch 0:1.2300-2.el7                                         
  perl-constant.noarch 0:1.27-2.el7                                             
  perl-libs.x86_64 4:5.16.3-294.el7_6                                           
  perl-macros.x86_64 4:5.16.3-294.el7_6                                         
  perl-parent.noarch 1:0.225-244.el7                                            
  perl-podlators.noarch 0:2.5.1-3.el7                                           
  perl-threads.x86_64 0:1.87-4.el7                                              
  perl-threads-shared.x86_64 0:1.43-6.el7                                       
  rsync.x86_64 0:3.1.2-6.el7_6.1                                                

Complete!
[36mINFO[0m[0021] Taking snapshot of full filesystem...        
[36mINFO[0m[0027] Pushing layer gcr.io/build-**-prod/cache:efa6bd7e55fda7715cba3b69829f0bb74d8f61a664d201a2b7182cf2d8da44f5 to cache now 
[36mINFO[0m[0027] ENTRYPOINT ["helmboot"]                      
[36mINFO[0m[0027] No files changed in this command, skipping snapshotting. 
error building image: error building stage: lstat /workspace/source/build/linux/helmboot: no such file or directory
[31m
Pipeline failed on stage 'from-build-pack' : container 'step-build-container-build'. The execution of the pipeline has stopped.[0m
